kotlin version: 2.1.0
error message: org.jetbrains.kotlin.backend.common.BackendException: Backend Internal error: Exception during IR fake override builder
File being compiled: /Users/RoboUser/Documents/android-keyboard-Text-Streaming/java/src/org/futo/inputmethod/latin/MicPermissionActivity.kt
The root cause org.jetbrains.kotlin.utils.exceptions.KotlinIllegalArgumentExceptionWithAttachments was thrown at: org.jetbrains.kotlin.fir.backend.generators.Fir2IrCallableDeclarationsGenerator.createIrProperty(Fir2IrCallableDeclarationsGenerator.kt:1175)
	at org.jetbrains.kotlin.backend.common.CodegenUtil.reportBackendException(CodegenUtil.kt:253)
	at org.jetbrains.kotlin.backend.common.CodegenUtil.reportBackendException$default(CodegenUtil.kt:236)
	at org.jetbrains.kotlin.fir.pipeline.Fir2IrPipeline.buildForAll(convertToIr.kt:377)
	at org.jetbrains.kotlin.fir.pipeline.Fir2IrPipeline.buildFakeOverrides(convertToIr.kt:308)
	at org.jetbrains.kotlin.fir.pipeline.Fir2IrPipeline.buildFakeOverridesAndPlatformSpecificDeclarations(convertToIr.kt:297)
	at org.jetbrains.kotlin.fir.pipeline.Fir2IrPipeline.runActualizationPipeline(convertToIr.kt:210)
	at org.jetbrains.kotlin.fir.pipeline.Fir2IrPipeline.convertToIrAndActualize(convertToIr.kt:130)
	at org.jetbrains.kotlin.fir.pipeline.ConvertToIrKt.convertToIrAndActualize(convertToIr.kt:100)
	at org.jetbrains.kotlin.fir.pipeline.ConvertToIrKt.convertToIrAndActualize$default(convertToIr.kt:75)
	at org.jetbrains.kotlin.cli.jvm.compiler.pipeline.JvmCompilerPipelineKt.convertToIrAndActualizeForJvm(jvmCompilerPipeline.kt:134)
	at org.jetbrains.kotlin.cli.jvm.compiler.pipeline.JvmCompilerPipelineKt.convertAnalyzedFirToIr(jvmCompilerPipeline.kt:107)
	at org.jetbrains.kotlin.cli.jvm.compiler.pipeline.JvmCompilerPipelineKt.runBackend(jvmCompilerPipeline.kt:73)
	at org.jetbrains.kotlin.cli.jvm.compiler.pipeline.JvmCompilerPipelineLightTreeKt.compileModule(jvmCompilerPipelineLightTree.kt:264)
	at org.jetbrains.kotlin.cli.jvm.compiler.pipeline.JvmCompilerPipelineLightTreeKt.compileSingleModuleUsingFrontendIrAndLightTree(jvmCompilerPipelineLightTree.kt:231)
	at org.jetbrains.kotlin.cli.jvm.compiler.pipeline.JvmCompilerPipelineLightTreeKt.compileModulesUsingFrontendIrAndLightTree(jvmCompilerPipelineLightTree.kt:86)
	at org.jetbrains.kotlin.cli.jvm.K2JVMCompiler.doExecute(K2JVMCompiler.kt:146)
	at org.jetbrains.kotlin.cli.jvm.K2JVMCompiler.doExecute(K2JVMCompiler.kt:43)
	at org.jetbrains.kotlin.cli.common.CLICompiler.execImpl(CLICompiler.kt:102)
	at org.jetbrains.kotlin.cli.common.CLICompiler.exec(CLICompiler.kt:316)
	at org.jetbrains.kotlin.incremental.IncrementalJvmCompilerRunner.runCompiler(IncrementalJvmCompilerRunner.kt:464)
	at org.jetbrains.kotlin.incremental.IncrementalJvmCompilerRunner.runCompiler(IncrementalJvmCompilerRunner.kt:73)
	at org.jetbrains.kotlin.incremental.IncrementalCompilerRunner.doCompile(IncrementalCompilerRunner.kt:506)
	at org.jetbrains.kotlin.incremental.IncrementalCompilerRunner.compileImpl(IncrementalCompilerRunner.kt:423)
	at org.jetbrains.kotlin.incremental.IncrementalCompilerRunner.compileNonIncrementally(IncrementalCompilerRunner.kt:301)
	at org.jetbrains.kotlin.incremental.IncrementalCompilerRunner.compile(IncrementalCompilerRunner.kt:129)
	at org.jetbrains.kotlin.daemon.CompileServiceImplBase.execIncrementalCompiler(CompileServiceImpl.kt:674)
	at org.jetbrains.kotlin.daemon.CompileServiceImplBase.access$execIncrementalCompiler(CompileServiceImpl.kt:91)
	at org.jetbrains.kotlin.daemon.CompileServiceImpl.compile(CompileServiceImpl.kt:1659)
	at java.base/jdk.internal.reflect.NativeMethodAccessorImpl.invoke0(Native Method)
	at java.base/jdk.internal.reflect.NativeMethodAccessorImpl.invoke(NativeMethodAccessorImpl.java:77)
	at java.base/jdk.internal.reflect.DelegatingMethodAccessorImpl.invoke(DelegatingMethodAccessorImpl.java:43)
	at java.base/java.lang.reflect.Method.invoke(Method.java:569)
	at java.rmi/sun.rmi.server.UnicastServerRef.dispatch(UnicastServerRef.java:360)
	at java.rmi/sun.rmi.transport.Transport$1.run(Transport.java:200)
	at java.rmi/sun.rmi.transport.Transport$1.run(Transport.java:197)
	at java.base/java.security.AccessController.doPrivileged(AccessController.java:712)
	at java.rmi/sun.rmi.transport.Transport.serviceCall(Transport.java:196)
	at java.rmi/sun.rmi.transport.tcp.TCPTransport.handleMessages(TCPTransport.java:587)
	at java.rmi/sun.rmi.transport.tcp.TCPTransport$ConnectionHandler.run0(TCPTransport.java:828)
	at java.rmi/sun.rmi.transport.tcp.TCPTransport$ConnectionHandler.lambda$run$0(TCPTransport.java:705)
	at java.base/java.security.AccessController.doPrivileged(AccessController.java:399)
	at java.rmi/sun.rmi.transport.tcp.TCPTransport$ConnectionHandler.run(TCPTransport.java:704)
	at java.base/java.util.concurrent.ThreadPoolExecutor.runWorker(ThreadPoolExecutor.java:1136)
	at java.base/java.util.concurrent.ThreadPoolExecutor$Worker.run(ThreadPoolExecutor.java:635)
	at java.base/java.lang.Thread.run(Thread.java:840)
Caused by: org.jetbrains.kotlin.utils.exceptions.KotlinIllegalArgumentExceptionWithAttachments: Exception was thrown during transformation of class org.jetbrains.kotlin.fir.declarations.impl.FirPropertyImpl
	at org.jetbrains.kotlin.fir.backend.generators.Fir2IrCallableDeclarationsGenerator.createIrProperty(Fir2IrCallableDeclarationsGenerator.kt:1175)
	at org.jetbrains.kotlin.fir.backend.generators.Fir2IrCallableDeclarationsGenerator.createIrProperty$default(Fir2IrCallableDeclarationsGenerator.kt:213)
	at org.jetbrains.kotlin.fir.backend.Fir2IrDeclarationStorage.createAndCacheIrPropertySymbols(Fir2IrDeclarationStorage.kt:669)
	at org.jetbrains.kotlin.fir.backend.Fir2IrDeclarationStorage.getIrPropertySymbols(Fir2IrDeclarationStorage.kt:655)
	at org.jetbrains.kotlin.fir.backend.Fir2IrDeclarationStorage.getIrPropertySymbol(Fir2IrDeclarationStorage.kt:646)
	at org.jetbrains.kotlin.fir.lazy.Fir2IrLazyClass.declarations_delegate$lambda$11$addDeclarationsFromScope$lambda$9(Fir2IrLazyClass.kt:222)
	at org.jetbrains.kotlin.fir.scopes.impl.FirScopeWithCallableCopyReturnTypeUpdater.processPropertiesByName$lambda$1(FirScopeWithCallableCopyReturnTypeUpdater.kt:42)
	at org.jetbrains.kotlin.fir.scopes.impl.AbstractFirUseSiteMemberScope.processPropertiesByName(AbstractFirUseSiteMemberScope.kt:159)
	at org.jetbrains.kotlin.fir.scopes.impl.FirScopeWithCallableCopyReturnTypeUpdater.processPropertiesByName(FirScopeWithCallableCopyReturnTypeUpdater.kt:40)
	at org.jetbrains.kotlin.fir.lazy.Fir2IrLazyClass.declarations_delegate$lambda$11$addDeclarationsFromScope(Fir2IrLazyClass.kt:206)
	at org.jetbrains.kotlin.fir.lazy.Fir2IrLazyClass.declarations_delegate$lambda$11(Fir2IrLazyClass.kt:230)
	at org.jetbrains.kotlin.ir.declarations.lazy.SynchronizedLazyVar.getValue(lazyUtil.kt:29)
	at org.jetbrains.kotlin.ir.declarations.lazy.SynchronizedLazyVar.getValue(lazyUtil.kt:40)
	at org.jetbrains.kotlin.fir.lazy.Fir2IrLazyClass.getDeclarations(Fir2IrLazyClass.kt:161)
	at org.jetbrains.kotlin.fir.pipeline.Fir2IrPipeline.resolveOverridenSymbolsInLazyClass(convertToIr.kt:406)
	at org.jetbrains.kotlin.fir.pipeline.Fir2IrPipeline.buildForAll$buildFakeOverrides(convertToIr.kt:345)
	at org.jetbrains.kotlin.fir.pipeline.Fir2IrPipeline.buildForAll$buildFakeOverrides(convertToIr.kt:342)
	at org.jetbrains.kotlin.fir.pipeline.Fir2IrPipeline.buildForAll$buildFakeOverrides(convertToIr.kt:342)
	at org.jetbrains.kotlin.fir.pipeline.Fir2IrPipeline.access$buildForAll$buildFakeOverrides(convertToIr.kt:103)
	at org.jetbrains.kotlin.fir.pipeline.Fir2IrPipeline$buildForAll$ClassVisitor.visitClass(convertToIr.kt:366)
	at org.jetbrains.kotlin.ir.visitors.IrElementVisitorVoid$DefaultImpls.visitClass(IrElementVisitorVoid.kt:48)
	at org.jetbrains.kotlin.fir.pipeline.Fir2IrPipeline$buildForAll$ClassVisitor.visitClass(convertToIr.kt:351)
	at org.jetbrains.kotlin.fir.pipeline.Fir2IrPipeline$buildForAll$ClassVisitor.visitClass(convertToIr.kt:351)
	at org.jetbrains.kotlin.ir.declarations.IrClass.accept(IrClass.kt:72)
	at org.jetbrains.kotlin.ir.declarations.IrFile.acceptChildren(IrFile.kt:34)
	at org.jetbrains.kotlin.ir.visitors.IrVisitorsKt.acceptChildrenVoid(IrVisitors.kt:15)
	at org.jetbrains.kotlin.fir.pipeline.Fir2IrPipeline$buildForAll$ClassVisitor.visitElement(convertToIr.kt:353)
	at org.jetbrains.kotlin.ir.visitors.IrElementVisitorVoid$DefaultImpls.visitPackageFragment(IrElementVisitorVoid.kt:172)
	at org.jetbrains.kotlin.fir.pipeline.Fir2IrPipeline$buildForAll$ClassVisitor.visitPackageFragment(convertToIr.kt:351)
	at org.jetbrains.kotlin.ir.visitors.IrElementVisitorVoid$DefaultImpls.visitFile(IrElementVisitorVoid.kt:188)
	at org.jetbrains.kotlin.fir.pipeline.Fir2IrPipeline$buildForAll$ClassVisitor.visitFile(convertToIr.kt:351)
	at org.jetbrains.kotlin.ir.visitors.IrElementVisitorVoid$DefaultImpls.visitFile(IrElementVisitorVoid.kt:184)
	at org.jetbrains.kotlin.fir.pipeline.Fir2IrPipeline$buildForAll$ClassVisitor.visitFile(convertToIr.kt:351)
	at org.jetbrains.kotlin.fir.pipeline.Fir2IrPipeline$buildForAll$ClassVisitor.visitFile(convertToIr.kt:351)
	at org.jetbrains.kotlin.ir.declarations.IrFile.accept(IrFile.kt:28)
	at org.jetbrains.kotlin.ir.visitors.IrVisitorsKt.acceptVoid(IrVisitors.kt:11)
	at org.jetbrains.kotlin.fir.pipeline.Fir2IrPipeline.buildForAll(convertToIr.kt:375)
	... 42 more
Caused by: java.lang.IllegalStateException: Could not read file: /Users/RoboUser/.gradle/caches/8.14.3/transforms/cd2901829cb4762f36de851d604f210a/transformed/lifecycle-viewmodel-savedstate-api.jar!/androidx/lifecycle/viewmodel/ViewModelStoreOwnerFactory.class; size in bytes: 14331; file type: CLASS
	at org.jetbrains.kotlin.load.kotlin.VirtualFileKotlinClass$Factory.logFileReadingErrorMessage(VirtualFileKotlinClass.kt:77)
	at org.jetbrains.kotlin.load.kotlin.VirtualFileKotlinClass$Factory.create$lambda$3(VirtualFileKotlinClass.kt:68)
	at org.jetbrains.kotlin.util.PerformanceCounter.time(PerformanceCounter.kt:90)
	at org.jetbrains.kotlin.load.kotlin.VirtualFileKotlinClass$Factory.create$frontend_common_jvm(VirtualFileKotlinClass.kt:51)
	at org.jetbrains.kotlin.load.kotlin.KotlinBinaryClassCache$Companion.getKotlinBinaryClassOrClassFileContent$lambda$0(KotlinBinaryClassCache.kt:89)
	at org.jetbrains.kotlin.com.intellij.mock.MockApplication.runReadAction(MockApplication.java:190)
	at org.jetbrains.kotlin.load.kotlin.KotlinBinaryClassCache$Companion.getKotlinBinaryClassOrClassFileContent(KotlinBinaryClassCache.kt:88)
	at org.jetbrains.kotlin.load.kotlin.KotlinBinaryClassCache$Companion.getKotlinBinaryClassOrClassFileContent$default(KotlinBinaryClassCache.kt:72)
	at org.jetbrains.kotlin.load.kotlin.VirtualFileFinder.findKotlinClassOrContent(VirtualFileFinder.kt:37)
	at org.jetbrains.kotlin.fir.java.deserialization.JvmClassFileBasedSymbolProvider.computePackagePartInfo(JvmClassFileBasedSymbolProvider.kt:80)
	at org.jetbrains.kotlin.fir.java.deserialization.JvmClassFileBasedSymbolProvider.computePackagePartsInfos(JvmClassFileBasedSymbolProvider.kt:71)
	at org.jetbrains.kotlin.fir.deserialization.AbstractFirDeserializedSymbolProvider.tryComputePackagePartInfos(AbstractFirDeserializedSymbolProvider.kt:212)
	at org.jetbrains.kotlin.fir.deserialization.AbstractFirDeserializedSymbolProvider.access$tryComputePackagePartInfos(AbstractFirDeserializedSymbolProvider.kt:94)
	at org.jetbrains.kotlin.fir.deserialization.AbstractFirDeserializedSymbolProvider$special$$inlined$createCache$2.invoke(FirCachesFactory.kt:73)
	at org.jetbrains.kotlin.fir.deserialization.AbstractFirDeserializedSymbolProvider$special$$inlined$createCache$2.invoke(FirCachesFactory.kt:71)
	at org.jetbrains.kotlin.fir.caches.FirThreadUnsafeCache.getValue(FirThreadUnsafeCachesFactory.kt:40)
	at org.jetbrains.kotlin.fir.deserialization.AbstractFirDeserializedSymbolProvider.getPackageParts(AbstractFirDeserializedSymbolProvider.kt:412)
	at org.jetbrains.kotlin.fir.deserialization.AbstractFirDeserializedSymbolProvider.access$getPackageParts(AbstractFirDeserializedSymbolProvider.kt:94)
	at org.jetbrains.kotlin.fir.deserialization.AbstractFirDeserializedSymbolProvider$special$$inlined$createCache$1.invoke(FirCachesFactory.kt:73)
	at org.jetbrains.kotlin.fir.deserialization.AbstractFirDeserializedSymbolProvider$special$$inlined$createCache$1.invoke(FirCachesFactory.kt:71)
	at org.jetbrains.kotlin.fir.caches.FirThreadUnsafeCache.getValue(FirThreadUnsafeCachesFactory.kt:40)
	at org.jetbrains.kotlin.fir.deserialization.AbstractFirDeserializedSymbolProvider$symbolNamesProvider$1.computeTopLevelClassifierNames(AbstractFirDeserializedSymbolProvider.kt:384)
	at org.jetbrains.kotlin.fir.resolve.providers.FirCachedSymbolNamesProvider$special$$inlined$createCache$1.invoke(FirCachesFactory.kt:73)
	at org.jetbrains.kotlin.fir.resolve.providers.FirCachedSymbolNamesProvider$special$$inlined$createCache$1.invoke(FirCachesFactory.kt:71)
	at org.jetbrains.kotlin.fir.caches.FirThreadUnsafeCache.getValue(FirThreadUnsafeCachesFactory.kt:40)
	at org.jetbrains.kotlin.fir.resolve.providers.FirCachedSymbolNamesProvider.getTopLevelClassifierNamesInPackageSkippingPackageCheck(FirCachedSymbolNamesProvider.kt:186)
	at org.jetbrains.kotlin.fir.resolve.providers.FirCachedSymbolNamesProvider.getTopLevelClassifierNamesInPackage(FirCachedSymbolNamesProvider.kt:86)
	at org.jetbrains.kotlin.fir.resolve.providers.FirCompositeCachedSymbolNamesProvider.computeTopLevelClassifierNames(FirCachedSymbolNamesProvider.kt:144)
	at org.jetbrains.kotlin.fir.resolve.providers.impl.FirCachingCompositeSymbolProvider$symbolNamesProvider$1.computeTopLevelClassifierNames(FirCachingCompositeSymbolProvider.kt:47)
	at org.jetbrains.kotlin.fir.resolve.providers.FirCachedSymbolNamesProvider$special$$inlined$createCache$1.invoke(FirCachesFactory.kt:73)
	at org.jetbrains.kotlin.fir.resolve.providers.FirCachedSymbolNamesProvider$special$$inlined$createCache$1.invoke(FirCachesFactory.kt:71)
	at org.jetbrains.kotlin.fir.caches.FirThreadUnsafeCache.getValue(FirThreadUnsafeCachesFactory.kt:40)
	at org.jetbrains.kotlin.fir.resolve.providers.FirCachedSymbolNamesProvider.getTopLevelClassifierNamesInPackageSkippingPackageCheck(FirCachedSymbolNamesProvider.kt:186)
	at org.jetbrains.kotlin.fir.resolve.providers.impl.FirCachingCompositeSymbolProvider$symbolNamesProvider$1.getTopLevelClassifierNamesInPackage(FirCachingCompositeSymbolProvider.kt:81)
	at org.jetbrains.kotlin.fir.resolve.providers.FirSymbolNamesProvider.mayHaveTopLevelClassifier(FirSymbolNamesProvider.kt:109)
	at org.jetbrains.kotlin.fir.resolve.providers.impl.FirCachingCompositeSymbolProvider.getClassLikeSymbolByClassId(FirCachingCompositeSymbolProvider.kt:124)
	at org.jetbrains.kotlin.fir.resolve.ToSymbolUtilsKt.toSymbol(ToSymbolUtils.kt:56)
	at org.jetbrains.kotlin.fir.resolve.ToSymbolUtilsKt.toSymbol(ToSymbolUtils.kt:32)
	at org.jetbrains.kotlin.fir.backend.Fir2IrTypeConverter.toIrType(Fir2IrTypeConverter.kt:120)
	at org.jetbrains.kotlin.fir.backend.Fir2IrTypeConverter.toIrType$default(Fir2IrTypeConverter.kt:99)
	at org.jetbrains.kotlin.fir.backend.Fir2IrTypeConverter.toIrType(Fir2IrTypeConverter.kt:86)
	at org.jetbrains.kotlin.fir.backend.Fir2IrTypeConverterKt.toIrType(Fir2IrTypeConverter.kt:376)
	at org.jetbrains.kotlin.fir.backend.Fir2IrTypeConverterKt.toIrType$default(Fir2IrTypeConverter.kt:374)
	at org.jetbrains.kotlin.fir.lazy.Fir2IrLazyProperty.type_delegate$lambda$0(Fir2IrLazyProperty.kt:108)
	at kotlin.SynchronizedLazyImpl.getValue(LazyJVM.kt:83)
	at org.jetbrains.kotlin.fir.lazy.Fir2IrLazyProperty.getType(Fir2IrLazyProperty.kt:107)
	at org.jetbrains.kotlin.fir.lazy.Fir2IrLazyProperty.<init>(Fir2IrLazyProperty.kt:187)
	at org.jetbrains.kotlin.fir.backend.generators.Fir2IrLazyDeclarationsGenerator.createIrLazyProperty$fir2ir(Fir2IrLazyDeclarationsGenerator.kt:99)
	at org.jetbrains.kotlin.fir.backend.generators.Fir2IrCallableDeclarationsGenerator.createIrProperty(Fir2IrCallableDeclarationsGenerator.kt:242)
	... 78 more
Caused by: java.lang.OutOfMemoryError: GC overhead limit exceeded
	at org.jetbrains.org.objectweb.asm.ClassReader.accept(ClassReader.java:503)
	at org.jetbrains.org.objectweb.asm.ClassReader.accept(ClassReader.java:395)
	at org.jetbrains.kotlin.load.kotlin.FileBasedKotlinClass.create(FileBasedKotlinClass.java:87)
	at org.jetbrains.kotlin.load.kotlin.VirtualFileKotlinClass$Factory.create$lambda$3(VirtualFileKotlinClass.kt:57)
	at org.jetbrains.kotlin.load.kotlin.VirtualFileKotlinClass$Factory$$Lambda$532/0x000000e001552950.invoke(Unknown Source)
	at org.jetbrains.kotlin.util.PerformanceCounter.time(PerformanceCounter.kt:90)
	at org.jetbrains.kotlin.load.kotlin.VirtualFileKotlinClass$Factory.create$frontend_common_jvm(VirtualFileKotlinClass.kt:51)
	at org.jetbrains.kotlin.load.kotlin.KotlinBinaryClassCache$Companion.getKotlinBinaryClassOrClassFileContent$lambda$0(KotlinBinaryClassCache.kt:89)
	at org.jetbrains.kotlin.load.kotlin.KotlinBinaryClassCache$Companion$$Lambda$531/0x000000e001556e60.compute(Unknown Source)
	at org.jetbrains.kotlin.com.intellij.mock.MockApplication.runReadAction(MockApplication.java:190)
	at org.jetbrains.kotlin.load.kotlin.KotlinBinaryClassCache$Companion.getKotlinBinaryClassOrClassFileContent(KotlinBinaryClassCache.kt:88)
	at org.jetbrains.kotlin.load.kotlin.KotlinBinaryClassCache$Companion.getKotlinBinaryClassOrClassFileContent$default(KotlinBinaryClassCache.kt:72)
	at org.jetbrains.kotlin.load.kotlin.VirtualFileFinder.findKotlinClassOrContent(VirtualFileFinder.kt:37)
	at org.jetbrains.kotlin.fir.java.deserialization.JvmClassFileBasedSymbolProvider.computePackagePartInfo(JvmClassFileBasedSymbolProvider.kt:80)
	at org.jetbrains.kotlin.fir.java.deserialization.JvmClassFileBasedSymbolProvider.computePackagePartsInfos(JvmClassFileBasedSymbolProvider.kt:71)
	at org.jetbrains.kotlin.fir.deserialization.AbstractFirDeserializedSymbolProvider.tryComputePackagePartInfos(AbstractFirDeserializedSymbolProvider.kt:212)
	at org.jetbrains.kotlin.fir.deserialization.AbstractFirDeserializedSymbolProvider.access$tryComputePackagePartInfos(AbstractFirDeserializedSymbolProvider.kt:94)
	at org.jetbrains.kotlin.fir.deserialization.AbstractFirDeserializedSymbolProvider$special$$inlined$createCache$2.invoke(FirCachesFactory.kt:73)
	at org.jetbrains.kotlin.fir.deserialization.AbstractFirDeserializedSymbolProvider$special$$inlined$createCache$2.invoke(FirCachesFactory.kt:71)
	at org.jetbrains.kotlin.fir.caches.FirThreadUnsafeCache.getValue(FirThreadUnsafeCachesFactory.kt:40)
	at org.jetbrains.kotlin.fir.deserialization.AbstractFirDeserializedSymbolProvider.getPackageParts(AbstractFirDeserializedSymbolProvider.kt:412)
	at org.jetbrains.kotlin.fir.deserialization.AbstractFirDeserializedSymbolProvider.access$getPackageParts(AbstractFirDeserializedSymbolProvider.kt:94)
	at org.jetbrains.kotlin.fir.deserialization.AbstractFirDeserializedSymbolProvider$special$$inlined$createCache$1.invoke(FirCachesFactory.kt:73)
	at org.jetbrains.kotlin.fir.deserialization.AbstractFirDeserializedSymbolProvider$special$$inlined$createCache$1.invoke(FirCachesFactory.kt:71)
	at org.jetbrains.kotlin.fir.caches.FirThreadUnsafeCache.getValue(FirThreadUnsafeCachesFactory.kt:40)
	at org.jetbrains.kotlin.fir.deserialization.AbstractFirDeserializedSymbolProvider$symbolNamesProvider$1.computeTopLevelClassifierNames(AbstractFirDeserializedSymbolProvider.kt:384)
	at org.jetbrains.kotlin.fir.resolve.providers.FirCachedSymbolNamesProvider$special$$inlined$createCache$1.invoke(FirCachesFactory.kt:73)
	at org.jetbrains.kotlin.fir.resolve.providers.FirCachedSymbolNamesProvider$special$$inlined$createCache$1.invoke(FirCachesFactory.kt:71)
	at org.jetbrains.kotlin.fir.caches.FirThreadUnsafeCache.getValue(FirThreadUnsafeCachesFactory.kt:40)
	at org.jetbrains.kotlin.fir.resolve.providers.FirCachedSymbolNamesProvider.getTopLevelClassifierNamesInPackageSkippingPackageCheck(FirCachedSymbolNamesProvider.kt:186)
	at org.jetbrains.kotlin.fir.resolve.providers.FirCachedSymbolNamesProvider.getTopLevelClassifierNamesInPackage(FirCachedSymbolNamesProvider.kt:86)
	at org.jetbrains.kotlin.fir.resolve.providers.FirCompositeCachedSymbolNamesProvider.computeTopLevelClassifierNames(FirCachedSymbolNamesProvider.kt:144)


